Looking for git in: git
Using git 2.18.0 from git
> git rev-parse --show-toplevel
> git config --get commit.template
Open repository: /home/black/Documents/moringa/Quotes
> git status -z -u
> git symbolic-ref --short HEAD
> git rev-parse master
> git rev-parse --symbolic-full-name master@{u}
fatal: no upstream configured for branch 'master'
> git for-each-ref --format %(refname) %(objectname) --sort -committerdate
> git remote --verbose
> git show :src/app/app.component.html
> git check-ignore -z --stdin
> git show :src/app/quote/quote.component.ts
> git ls-files --stage -- src/app/quote/
> git check-ignore -z --stdin
> git show :src/app/quote/quote.component.html
> git ls-files --stage -- src/app/quote/
> git show :src/app/quote.ts
> git ls-files --stage -- src/app/
> git check-ignore -z --stdin
> git show :src/app/quote.ts
> git ls-files --stage -- src/app/
> git show :src/app/app.module.ts
> git show :src/app/app.component.ts
> git show :src/app/app.module.ts
> git show :src/app/quote/quote.component.ts
> git ls-files --stage -- src/app/quote/
> git show :src/app/app.component.html
> git show :src/app/quote/quote.component.html
> git ls-files --stage -- src/app/quote/
> git status -z -u
> git symbolic-ref --short HEAD
> git rev-parse master
> git rev-parse --symbolic-full-name master@{u}
fatal: no upstream configured for branch 'master'
> git for-each-ref --format %(refname) %(objectname) --sort -committerdate
> git remote --verbose
> git status -z -u
> git symbolic-ref --short HEAD
> git rev-parse master
> git rev-parse --symbolic-full-name master@{u}
fatal: no upstream configured for branch 'master'
> git for-each-ref --format %(refname) %(objectname) --sort -committerdate
> git remote --verbose
> git status -z -u
> git symbolic-ref --short HEAD
> git rev-parse master
> git rev-parse --symbolic-full-name master@{u}
fatal: no upstream configured for branch 'master'
> git for-each-ref --format %(refname) %(objectname) --sort -committerdate
> git remote --verbose
> git show :src/app/quote/quote.component.ts
> git ls-files --stage -- src/app/quote/
> git show :src/app/quote/quote.component.html
> git ls-files --stage -- src/app/quote/
> git show :src/app/quote/quote.component.ts
> git ls-files --stage -- src/app/quote/
> git show :src/app/quote/quote.component.html
> git ls-files --stage -- src/app/quote/
> git show :src/app/quote/quote.component.ts
> git ls-files --stage -- src/app/quote/
> git status -z -u
> git symbolic-ref --short HEAD
> git rev-parse master
> git rev-parse --symbolic-full-name master@{u}
fatal: no upstream configured for branch 'master'
> git for-each-ref --format %(refname) %(objectname) --sort -committerdate
> git remote --verbose
> git status -z -u
> git symbolic-ref --short HEAD
> git rev-parse master
> git rev-parse --symbolic-full-name master@{u}
fatal: no upstream configured for branch 'master'
> git for-each-ref --format %(refname) %(objectname) --sort -committerdate
> git remote --verbose
> git show :src/app/quote/quote.component.html
> git ls-files --stage -- src/app/quote/
> git show :src/app/app.module.ts
> git status -z -u
> git symbolic-ref --short HEAD
> git rev-parse master
> git rev-parse --symbolic-full-name master@{u}
fatal: no upstream configured for branch 'master'
> git for-each-ref --format %(refname) %(objectname) --sort -committerdate
> git remote --verbose
> git status -z -u
> git symbolic-ref --short HEAD
> git rev-parse master
> git rev-parse --symbolic-full-name master@{u}
fatal: no upstream configured for branch 'master'
> git for-each-ref --format %(refname) %(objectname) --sort -committerdate
> git remote --verbose
> git status -z -u
> git symbolic-ref --short HEAD
> git rev-parse master
> git rev-parse --symbolic-full-name master@{u}
fatal: no upstream configured for branch 'master'
> git for-each-ref --format %(refname) %(objectname) --sort -committerdate
> git remote --verbose
> git status -z -u
> git symbolic-ref --short HEAD
> git rev-parse master
> git rev-parse --symbolic-full-name master@{u}
fatal: no upstream configured for branch 'master'
> git for-each-ref --format %(refname) %(objectname) --sort -committerdate
> git remote --verbose
> git status -z -u
> git symbolic-ref --short HEAD
> git rev-parse master
> git rev-parse --symbolic-full-name master@{u}
fatal: no upstream configured for branch 'master'
> git for-each-ref --format %(refname) %(objectname) --sort -committerdate
> git remote --verbose
> git show :src/app/quote/quote.component.ts
> git ls-files --stage -- src/app/quote/
> git show :src/app/quote/quote.component.html
> git ls-files --stage -- src/app/quote/
> git show :src/app/quote/quote.component.ts
> git ls-files --stage -- src/app/quote/
> git show :src/app/app.module.ts
> git status -z -u
> git symbolic-ref --short HEAD
> git rev-parse master
> git rev-parse --symbolic-full-name master@{u}
fatal: no upstream configured for branch 'master'
> git for-each-ref --format %(refname) %(objectname) --sort -committerdate
> git remote --verbose
> git show :src/app/app.component.html
> git show :src/app/quote/quote.component.html
> git ls-files --stage -- src/app/quote/
> git show :src/app/quote/quote.component.ts
> git ls-files --stage -- src/app/quote/
> git show :src/app/quote/quote.component.html
> git ls-files --stage -- src/app/quote/
> git status -z -u
> git symbolic-ref --short HEAD
> git rev-parse master
> git rev-parse --symbolic-full-name master@{u}
fatal: no upstream configured for branch 'master'
> git for-each-ref --format %(refname) %(objectname) --sort -committerdate
> git remote --verbose
> git status -z -u
> git symbolic-ref --short HEAD
> git rev-parse master
> git rev-parse --symbolic-full-name master@{u}
fatal: no upstream configured for branch 'master'
> git for-each-ref --format %(refname) %(objectname) --sort -committerdate
> git remote --verbose
> git status -z -u
> git symbolic-ref --short HEAD
> git rev-parse master
> git rev-parse --symbolic-full-name master@{u}
fatal: no upstream configured for branch 'master'
> git for-each-ref --format %(refname) %(objectname) --sort -committerdate
> git remote --verbose
> git show :src/app/quote/quote.component.ts
> git ls-files --stage -- src/app/quote/
> git show :src/app/quote/quote.component.html
> git ls-files --stage -- src/app/quote/
> git status -z -u
> git symbolic-ref --short HEAD
> git rev-parse master
> git rev-parse --symbolic-full-name master@{u}
fatal: no upstream configured for branch 'master'
> git for-each-ref --format %(refname) %(objectname) --sort -committerdate
> git remote --verbose
> git status -z -u
> git symbolic-ref --short HEAD
> git rev-parse master
> git rev-parse --symbolic-full-name master@{u}
fatal: no upstream configured for branch 'master'
> git for-each-ref --format %(refname) %(objectname) --sort -committerdate
> git remote --verbose
> git show :src/app/quote/quote.component.ts
> git ls-files --stage -- src/app/quote/
> git show :src/app/app.module.ts
> git status -z -u
> git symbolic-ref --short HEAD
> git rev-parse master
> git rev-parse --symbolic-full-name master@{u}
fatal: no upstream configured for branch 'master'
> git for-each-ref --format %(refname) %(objectname) --sort -committerdate
> git remote --verbose
> git show :src/app/quote/quote.component.html
> git ls-files --stage -- src/app/quote/
> git show :src/app/quote/quote.component.ts
> git ls-files --stage -- src/app/quote/
> git show :src/app/quote.ts
> git ls-files --stage -- src/app/
> git show :src/app/quote/quote.component.ts
> git ls-files --stage -- src/app/quote/
> git show :src/app/quote.ts
> git ls-files --stage -- src/app/
> git show :src/app/quote/quote.component.ts
> git ls-files --stage -- src/app/quote/
> git show :src/app/quote.ts
> git ls-files --stage -- src/app/
> git show :src/app/quote/quote.component.ts
> git ls-files --stage -- src/app/quote/
> git status -z -u
> git symbolic-ref --short HEAD
> git rev-parse master
> git rev-parse --symbolic-full-name master@{u}
fatal: no upstream configured for branch 'master'
> git for-each-ref --format %(refname) %(objectname) --sort -committerdate
> git remote --verbose
> git show :src/app/app.module.ts
> git show :src/app/quote/quote.component.html
> git ls-files --stage -- src/app/quote/
> git show :src/app/app.module.ts
> git show :src/app/quote/quote.component.html
> git ls-files --stage -- src/app/quote/
> git show :src/app/quote/quote.component.ts
> git ls-files --stage -- src/app/quote/
> git show :src/app/quote/quote.component.html
> git ls-files --stage -- src/app/quote/
> git status -z -u
> git symbolic-ref --short HEAD
> git rev-parse master
> git rev-parse --symbolic-full-name master@{u}
fatal: no upstream configured for branch 'master'
> git for-each-ref --format %(refname) %(objectname) --sort -committerdate
> git remote --verbose
> git status -z -u
> git symbolic-ref --short HEAD
> git rev-parse master
> git rev-parse --symbolic-full-name master@{u}
fatal: no upstream configured for branch 'master'
> git for-each-ref --format %(refname) %(objectname) --sort -committerdate
> git remote --verbose
> git status -z -u
> git symbolic-ref --short HEAD
> git rev-parse master
> git rev-parse --symbolic-full-name master@{u}
fatal: no upstream configured for branch 'master'
> git for-each-ref --format %(refname) %(objectname) --sort -committerdate
> git remote --verbose
> git show :src/app/quote/quote.component.ts
> git ls-files --stage -- src/app/quote/
> git show :src/app/quote/quote.component.html
> git ls-files --stage -- src/app/quote/
> git show :src/app/quote/quote.component.ts
> git ls-files --stage -- src/app/quote/
> git status -z -u
> git symbolic-ref --short HEAD
> git rev-parse master
> git rev-parse --symbolic-full-name master@{u}
fatal: no upstream configured for branch 'master'
> git for-each-ref --format %(refname) %(objectname) --sort -committerdate
> git remote --verbose
> git show :src/app/quote.ts
> git ls-files --stage -- src/app/
> git show :src/app/quote/quote.component.ts
> git ls-files --stage -- src/app/quote/
> git status -z -u
> git symbolic-ref --short HEAD
> git rev-parse master
> git rev-parse --symbolic-full-name master@{u}
fatal: no upstream configured for branch 'master'
> git for-each-ref --format %(refname) %(objectname) --sort -committerdate
> git remote --verbose
> git show :src/app/quote.ts
> git ls-files --stage -- src/app/
> git show :src/app/quote/quote.component.html
> git ls-files --stage -- src/app/quote/
